<?xml version="1.0" encoding="UTF-8" ?>

<testsuite failures="0" time="0.25" errors="0" skipped="0" tests="2" name="ApplicationTest">
  <testcase classname="ApplicationTest" name="testThatIndexPageWorks" time="0.11">
      </testcase>
  <testcase classname="ApplicationTest" name="testCreateContactAndSaveInDatabase" time="0.14">
      </testcase>
</testsuite>