<?xml version="1.0" encoding="UTF-8" ?>

<testsuite failures="0" time="0.188" errors="0" skipped="0" tests="1" name="PrototypeUserTest">
  <testcase classname="PrototypeUserTest" name="testCreatePrototypeUserAndSaveInDatabase" time="0.188">
      </testcase>
</testsuite>