<?xml version="1.0" encoding="UTF-8" ?>

<testsuite failures="0" time="0.26" errors="0" skipped="0" tests="1" name="XingContactTest">
  <testcase classname="XingContactTest" name="testCreatePrototypeUsersAndXingContactsAndSaveInDatabase" time="0.26">
      </testcase>
</testsuite>